82
73
70
70
30
22
0
0
87
65
86
69
102
109
116
32
16
0
0
0
1
0
1
0
196
10
0
0
196
10
0
0
1
0
8
0
100
97
116
97
249
21
0
0
140
202
195
101
83
91
174
220
193
54
49
117
206
199
106
36
78
172
204
160
144
40
145
199
193
161
34
73
112
215
155
77
39
121
137
204
90
35
76
163
196
165
63
44
94
194
195
105
52
75
129
221
176
60
52
99
190
205
184
42
80
164
207
161
90
50
87
200
197
108
70
77
167
192
165
58
49
111
207
200
128
41
53
172
214
169
75
52
112
143
199
119
102
56
178
222
170
85
53
113
171
204
116
41
67
152
207
173
73
48
75
200
192
116
44
64
160
198
210
63
48
106
175
201
136
45
64
87
222
205
85
42
100
185
204
151
42
61
152
176
172
115
43
79
188
208
159
42
50
99
213
177
131
41
95
164
209
128
45
57
80
220
179
85
76
106
190
206
142
101
47
140
184
189
158
41
96
194
193
137
87
62
124
215
183
136
32
88
184
201
177
57
44
125
198
184
117
46
92
171
222
211
46
45
127
212
186
96
68
85
182
182
140
69
56
85
219
216
83
68
85
178
205
149
53
47
57
218
202
129
57
91
183
207
156
106
44
74
209
190
102
54
80
176
189
152
76
54
130
203
193
101
77
62
183
217
166
59
63
117
205
195
131
35
78
168
219
161
82
39
98
202
200
117
47
65
167
204
166
84
46
81
203
215
95
42
65
130
206
154
67
49
114
195
195
123
48
47
178
204
152
102
39
90
207
197
128
37
69
160
189
184
61
56
114
203
189
117
80
57
136
211
170
108
41
79
204
215
126
90
70
158
205
178
72
63
110
132
206
165
39
64
153
183
178
80
43
89
186
204
133
67
62
110
221
181
118
43
100
172
208
120
76
63
106
212
172
110
47
100
160
211
136
45
48
162
212
185
86
49
99
168
207
181
40
50
141
217
180
97
42
70
188
209
155
56
55
140
171
189
118
47
68
195
207
156
65
58
142
215
186
87
32
64
192
200
162
48
56
145
190
191
88
32
87
173
213
146
113
55
84
218
199
87
62
81
189
216
182
73
53
109
209
204
101
33
56
164
213
185
51
44
127
194
197
119
42
88
158
222
157
62
62
131
210
190
103
34
56
183
207
148
64
45
113
204
206
175
41
47
188
210
178
55
56
79
211
206
107
45
74
132
223
177
74
48
96
200
194
106
60
83
167
220
197
58
48
124
178
199
118
82
74
164
192
164
69
45
112
198
212
155
39
70
141
215
169
76
36
102
166
206
108
44
67
149
216
169
150
34
105
197
208
147
54
56
76
215
173
72
72
95
192
205
125
44
60
142
219
182
172
38
103
188
200
143
42
58
164
198
167
92
32
99
152
207
181
40
46
169
200
201
68
49
97
161
211
131
50
63
146
182
177
83
42
53
197
206
176
43
63
139
213
184
119
38
92
185
198
137
56
47
124
220
205
77
34
92
171
218
208
40
55
138
202
194
122
52
94
189
218
182
66
60
138
154
180
95
66
81
184
185
144
61
52
129
202
186
134
42
88
182
181
137
80
52
133
209
187
101
60
87
175
223
153
58
64
106
214
195
146
32
77
132
215
167
72
52
114
215
195
133
38
75
162
210
169
67
48
136
207
202
161
34
78
158
219
174
62
42
80
212
194
109
64
70
153
222
164
128
44
103
177
191
139
50
80
143
223
205
58
49
82
209
204
102
43
63
119
215
165
85
35
109
163
199
111
43
64
163
197
176
83
46
110
155
207
120
40
64
160
213
168
78
41
109
142
199
115
39
65
158
167
163
73
43
107
163
218
116
53
67
156
179
167
135
41
96
202
198
125
97
57
167
193
171
100
48
113
197
206
137
52
62
137
200
170
87
34
95
182
204
152
69
57
165
217
195
91
43
94
196
190
128
47
52
83
221
183
126
44
110
168
216
204
41
57
142
158
181
85
65
97
170
208
140
49
57
139
147
176
118
33
50
188
208
138
52
55
147
216
195
91
47
90
188
207
178
45
50
135
205
180
110
46
102
183
180
138
52
42
145
176
187
94
36
77
159
218
176
51
51
135
207
194
181
33
49
189
207
153
105
44
125
154
190
129
40
73
176
175
149
65
45
140
189
192
107
39
77
156
217
185
80
38
105
212
195
130
33
41
171
181
169
60
43
116
209
202
112
40
66
168
187
195
52
51
65
205
191
148
40
78
138
220
163
102
48
118
183
204
109
49
70
161
222
184
94
43
57
214
209
101
48
67
161
210
184
84
45
106
127
210
116
39
72
130
210
166
79
58
114
182
206
123
99
66
140
223
174
76
59
107
133
212
129
81
56
166
218
173
78
58
70
202
214
137
42
69
153
188
168
72
50
105
177
209
135
46
64
155
182
181
135
44
81
202
202
148
40
62
99
219
177
107
39
71
198
203
154
67
63
98
212
204
88
53
81
195
211
167
53
58
133
220
180
101
37
73
171
213
167
45
56
146
180
182
133
41
92
140
213
147
96
44
54
221
190
97
48
93
159
209
150
54
52
150
217
186
95
47
86
174
217
150
54
58
134
145
182
100
54
69
166
212
159
82
40
125
215
192
142
46
64
187
221
202
59
48
114
178
186
121
36
80
164
216
177
61
52
131
209
189
105
70
74
173
221
163
99
46
59
207
193
152
47
86
136
219
142
87
49
116
176
197
109
42
47
167
215
151
91
45
106
208
201
144
36
74
141
210
160
61
50
126
154
208
111
37
71
166
184
180
74
46
107
206
202
102
41
47
164
213
159
106
47
109
180
203
154
39
46
158
219
170
102
43
118
189
204
130
67
51
163
223
182
75
47
102
127
204
126
56
65
142
208
172
85
51
94
167
202
120
83
58
150
218
179
91
42
95
158
216
133
89
51
132
218
208
67
47
101
182
203
134
119
52
133
185
171
104
48
85
186
214
138
104
64
143
202
197
78
36
89
184
210
121
68
56
150
196
183
87
62
80
192
204
137
47
58
138
184
185
85
58
63
191
210
144
74
57
138
217
188
154
32
56
187
188
143
52
60
134
168
187
99
33
82
181
197
182
53
54
100
217
205
96
67
81
151
223
186
69
43
118
217
193
103
68
79
153
222
174
63
43
55
215
191
158
39
83
134
214
156
79
47
124
176
205
93
35
77
173
206
188
54
50
121
207
195
111
60
75
166
206
164
91
51
125
156
205
125
36
72
167
211
165
75
41
114
168
212
125
34
72
162
204
162
69
56
114
206
201
98
79
75
161
177
172
76
46
114
150
205
125
85
66
173
212
175
107
39
122
201
205
108
76
56
128
201
171
87
40
104
188
200
129
81
64
154
214
176
161
38
104
195
211
133
46
53
141
190
174
81
45
104
172
206
135
48
58
148
221
179
81
34
96
188
196
126
76
59
146
182
178
156
37
111
193
187
155
58
48
126
200
183
99
44
88
196
200
139
48
53
158
189
211
80
42
91
131
210
139
51
61
139
215
183
90
69
83
142
208
135
74
57
135
184
190
88
74
71
187
210
141
94
50
64
217
187
92
35
86
126
216
139
65
48
111
194
185
158
32
84
161
223
179
58
54
99
205
192
90
52
65
181
219
153
82
39
140
214
193
157
42
89
181
221
195
57
38
121
165
195
158
33
77
169
199
149
57
52
122
165
194
105
41
76
124
215
166
64
70
130
200
202
99
58
66
151
219
174
97
37
97
204
199
115
79
53
174
181
159
144
46
126
173
197
146
37
63
128
206
159
85
54
108
114
199
110
38
71
152
202
164
86
46
116
155
198
118
59
60
163
201
191
77
44
64
205
215
128
71
67
115
218
169
91
49
100
130
211
139
45
65
127
221
174
80
41
101
142
203
129
44
43
170
189
168
79
54
105
199
208
143
39
61
129
199
171
76
56
70
205
204
130
46
55
145
190
189
169
41
89
192
208
145
46
47
96
218
196
78
46
87
190
217
159
47
53
135
210
172
87
40
85
159
213
146
73
43
146
170
182
90
61
102
186
192
143
52
53
112
214
188
98
32
78
185
200
189
48
52
134
192
216
93
62
62
181
182
177
45
46
101
193
182
134
32
62
188
207
152
123
54
115
199
199
187
36
65
172
212
150
83
53
93
207
203
91
48
62
174
174
141
61
69
127
206
190
102
48
78
166
209
165
59
46
119
191
201
101
78
73
152
215
152
70
56
122
161
199
104
40
67
173
200
161
83
41
126
190
201
133
37
62
169
206
181
68
44
109
166
204
118
53
62
111
210
161
71
55
123
163
206
104
62
69
138
204
168
68
67
104
177
201
133
38
60
135
223
174
80
49
107
139
216
152
40
54
162
191
207
62
33
102
181
204
127
102
69
116
219
210
80
69
85
202
201
126
56
67
128
219
178
87
58
78
203
202
170
46
39
160
172
173
78
55
98
170
208
135
115
54
158
205
184
104
44
87
197
206
191
43
48
155
189
183
130
32
85
179
219
198
55
61
110
220
186
86
53
65
195
209
149
56
54
114
221
187
136
39
46
181
209
164
47
56
99
218
208
89
40
78
154
218
151
107
55
113
194
201
84
32
76
138
208
187
51
52
133
212
215
83
33
68
180
223
203
48
47
125
199
195
136
34
80
171
194
139
93
51
106
213
208
101
34
78
172
198
153
95
50
119
203
207
135
44
70
147
208
161
92
47
104
209
197
124
69
80
177
213
168
125
48
120
189
204
163
37
39
165
169
156
70
50
107
208
200
119
53
67
90
223
175
84
47
93
205
193
106
61
68
139
203
194
57
35
105
149
206
122
40
39
176
200
172
80
63
91
199
205
124
100
65
167
215
172
127
41
115
188
207
158
56
69
149
208
173
112
43
97
199
208
159
40
54
147
217
181
79
76
104
174
204
146
67
68
153
174
187
97
58
112
189
216
196
40
62
90
218
182
93
48
89
154
220
190
42
50
153
185
210
89
32
87
138
207
140
111
59
142
216
187
146
32
90
183
217
189
54
54
137
209
184
120
32
87
185
183
149
48
63
120
216
198
88
43
88
134
215
138
51
40
149
190
215
82
43
50
185
208
162
53
60
116
211
192
116
33
76
180
193
177
67
53
131
177
208
88
58
86
176
208
155
67
48
95
214
189
104
44
73
136
217
157
61
52
111
181
206
185
32
54
169
215
155
93
48
121
171
196
105
64
43
187
202
152
65
51
83
212
206
135
42
63
170
204
171
58
38
66
204
210
189
38
72
153
206
173
59
36
81
207
205
104
80
68
161
175
175
122
46
120
193
215
101
55
63
151
211
204
63
46
105
169
210
178
37
70
156
167
170
68
61
110
167
201
163
38
65
145
216
206
64
41
101
165
204
127
103
69
157
216
176
104
44
83
199
192
122
42
54
160
189
176
79
32
67
185
207
137
91
54
104
213
178
148
41
81
197
212
168
58
55
154
211
184
115
42
99
192
198
129
71
43
142
209
195
84
32
86
187
206
145
75
56
127
189
179
97
64
100
186
196
170
45
54
136
211
185
148
32
87
167
204
175
45
54
108
212
203
84
47
86
184
219
150
132
49
80
209
199
114
32
83
120
211
175
48
40
103
214
189
122
44
81
178
216
155
58
67
87
215
203
182
32
72
100
222
203
55
55
110
198
195
112
40
75
116
221
174
84
39
50
211
196
114
35
76
123
219
184
63
47
114
209
194
139
43
41
178
212
157
71
54
133
171
206
175
37
51
160
216
167
71
64
100
206
191
139
34
66
170
217
190
74
41
98
201
209
122
71
69
155
214
170
89
54
115
162
200
121
41
65
131
218
174
120
44
108
172
202
117
68
56
149
180
165
69
51
111
190
208
133
42
70
154
183
159
112
40
100
158
217
110
75
67
153
200
173
95
42
106
182
211
136
50
65
141
221
184
111
32
92
193
206
116
46
54
125
194
184
92
34
89
158
218
188
57
56
142
189
200
76
44
90
192
214
187
48
55
90
219
181
116
37
91
171
211
137
47
57
132
181
178
91
63
92
140
216
144
55
53
113
219
185
96
89
97
183
215
157
53
44
132
213
185
97
62
55
194
221
166
86
52
128
208
197
148
40
76
165
210
156
83
54
101
216
196
103
82
85
142
209
150
82
52
126
199
211
88
35
77
136
210
172
51
59
130
207
193
109
58
73
180
221
196
54
52
126
207
202
115
41
77
169
188
199
53
47
119
126
201
99
43
74
131
224
164
124
48
117
195
200
183
40
83
117
217
163
68
43
69
201
198
149
40
71
166
192
167
71
70
111
206
197
140
48
63
158
223
169
84
37
86
202
210
200
43
56
135
196
167
136
41
114
200
194
173
43
67
132
221
179
117
41
113
162
206
188
39
64
108
222
178
108
44
103
171
206
137
63
56
79
215
179
116
46
104
192
206
130
76
57
141
179
185
82
40
100
162
204
162
46
60
117
205
173
84
80
88
154
218
145
90
55
78
214
178
87
44
67
189
186
140
68
39
159
212
209
88
39
86
146
218
156
54
55
107
211
197
85
66
81
116
210
178
48
56
150
199
186
96
85
87
170
200
185
46
38
144
196
195
96
80
90
141
214
149
116
55
139
213
192
103
33
77
89
214
158
58
46
65
216
192
106
34
49
188
212
166
64
49
104
186
185
101
41
77
173
173
144
58
58
118
136
191
117
52
73
177
222
164
64
69
116
122
192
134
38
73
163
191
183
52
54
117
165
197
141
37
65
143
203
163
91
51
95
212
197
166
42
70
112
221
166
70
54
110
200
201
119
95
66
174
206
172
74
42
52
209
198
125
61
60
156
222
215
60
40
94
170
210
107
53
65
155
166
172
88
48
64
200
190
114
50
66
129
221
176
156
42
107
129
209
118
43
65
134
222
185
121
47
102
196
187
160
46
54
140
215
180
95
38
70
184
209
123
46
66
116
222
186
165
39
69
187
216
137
47
68
123
214
191
181
39
97
190
193
139
71
51
134
216
202
78
42
85
119
209
146
82
56
137
218
185
140
39
75
164
215
135
52
64
133
183
215
82
52
87
137
214
133
60
45
142
203
210
80
54
93
141
214
168
78
57
133
211
189
100
58
84
173
198
139
68
49
129
165
190
105
59
63
186
193
178
50
50
117
174
186
101
59
77
176
224
181
61
49
122
193
197
109
83
85
171
197
181
57
59
136
199
199
157
34
42
178
210
175
60
60
102
188
195
118
40
72
144
219
196
64
44
116
208
200
149
53
77
153
214
160
92
45
81
207
203
114
74
72
163
178
163
94
46
94
201
218
114
41
58
169
197
160
138
39
105
138
208
133
36
56
165
210
194
90
33
77
204
198
124
90
49
169
207
191
72
45
108
170
206
131
51
65
144
197
171
89
54
104
195
198
163
44
68
150
181
176
110
35
87
191
208
125
45
61
146
172
172
84
49
78
182
207
140
67
45
160
193
179
87
54
65
177
210
137
65
54
137
174
170
111
44
94
113
219
173
60
55
145
191
184
98
53
97
168
209
186
47
64
141
195
190
88
63
92
126
219
148
137
48
134
211
194
117
54
70
178
210
140
82
37
152
212
199
89
41
82
163
208
151
58
54
98
213
205
112
35
74
136
207
144
74
46
59
217
192
99
36
72
100
213
149
127
52
120
186
205
121
51
75
175
185
163
99
50
130
190
198
140
40
70
153
214
159
97
50
122
206
202
117
35
70
145
217
162
54
40
77
209
203
120
77
79
158
207
151
68
72
122
199
201
118
59
68
163
216
167
72
59
88
198
203
119
54
68
170
179
170
119
39
109
189
206
138
71
76
141
208
178
68
52
96
199
205
163
38
68
146
205
165
108
40
100
194
197
112
53
39
163
212
169
78
55
98
182
217
109
52
38
167
188
204
69
38
93
196
190
115
49
40
168
215
184
120
35
94
152
211
136
82
51
159
177
187
73
68
102
159
206
149
58
60
145
220
180
108
37
88
192
208
160
73
54
151
199
208
77
68
107
191
192
133
56
53
136
206
184
120
46
96
131
216
128
51
59
147
217
206
85
32
49
183
222
211
48
53
124
190
199
150
45
91
164
213
149
75
45
141
200
190
100
67
62
168
212
142
60
57
106
207
198
122
35
80
112
219
157
93
49
122
176
200
98
40
71
180
195
161
67
48
123
209
197
97
43
61
180
187
163
70
46
118
169
191
122
54
52
186
205
159
97
44
123
204
199
159
35
40
177
222
196
77
37
133
194
205
135
51
68
145
206
163
101
35
109
183
200
135
42
66
89
215
168
80
46
96
207
208
129
76
65
151
188
161
65
60
109
179
201
124
40
69
140
204
165
85
43
106
196
216
141
43
52
166
199
185
64
34
53
203
213
111
65
55
77
216
180
133
41
98
188
208
131
89
57
158
207
182
116
42
100
162
204
127
99
68
135
202
178
78
35
96
137
206
135
55
53
147
206
183
101
51
97
178
209
170
45
55
149
193
205
72
51
99
127
219
150
49
64
145
213
188
139
34
90
137
209
178
51
63
123
203
200
87
46
81
89
211
150
48
57
135
189
198
95
48
87
168
212
139
51
62
135
151
195
109
58
87
146
212
148
103
45
100
201
193
102
39
79
173
192
158
150
39
49
219
191
137
42
83
137
214
160
55
45
89
212
201
125
63
62
173
189
182
72
46
111
208
204
133
36
55
160
223
204
52
50
121
157
196
104
61
51
177
214
177
84
43
131
207
206
122
77
74
114
213
171
136
40
131
169
205
164
50
69
176
216
171
72
50
65
210
218
99
52
58
158
215
176
73
70
114
203
190
139
38
66
108
223
206
79
33
101
200
194
123
40
52
147
222
181
73
44
100
168
211
199
36
39
166
212
172
101
33
68
181
217
186
50
45
164
172
166
78
47
72
186
216
144
45
48
164
183
172
146
34
69
194
187
134
50
56
99
221
179
86
39
90
152
216
169
58
47
124
185
186
139
44
95
186
203
134
48
58
126
199
202
99
32
76
181
208
139
67
56
103
219
195
88
50
86
175
222
158
79
52
136
202
186
121
42
89
131
219
130
50
63
138
172
184
135
42
85
135
223
151
55
62
131
217
186
99
72
51
193
197
135
59
60
93
215
199
112
37
79
176
175
149
52
51
125
208
191
106
35
79
156
210
166
64
46
125
181
194
103
71
68
131
208
146
72
41
117
142
199
99
37
76
124
215
153
95
38
120
159
196
112
101
83
134
224
164
102
39
91
205
203
112
42
72
159
191
151
77
49
65
213
205
120
59
57
173
198
164
71
67
109
188
202
127
66
53
159
219
181
91
37
114
187
199
116
78
69
157
183
169
136
43
117
200
207
128
90
70
159
213
173
130
38
119
179
205
131
88
53
137
205
184
80
75
116
195
205
130
48
64
147
186
169
89
35
52
199
211
125
70
51
163
191
186
79
53
103
192
219
137
79
60
146
213
190
160
42
100
191
195
147
56
62
89
214
188
93
71
103
176
212
145
48
59
106
218
188
101
42
85
188
218
144
128
57
136
200
194
97
32
41
198
220
147
112
51
132
164
195
87
34
86
182
196
146
63
45
149
209
200
103
41
76
121
223
167
58
47
102
213
198
127
35
48
185
211
152
67
52
118
201
190
118
58
72
142
212
194
55
37
142
186
189
114
35
69
138
215
155
95
39
60
211
188
123
46
78
170
200
186
58
37
122
173
205
134
58
72
112
217
198
55
36
114
206
205
116
40
63
160
224
179
70
41
114
205
195
119
82
73
165
191
179
60
55
113
199
205
135
39
65
160
185
164
75
55
110
157
214
125
56
60
81
215
160
73
54
107
168
202
180
44
53
173
213
206
66
39
95
162
202
125
43
51
167
214
182
97
39
82
202
205
116
40
66
132
204
164
98
46
75
202
199
130
85
48
165
194
172
101
43
60
198
210
132
59
55
155
221
178
138
35
85
193
220
154
78
58
142
208
188
82
58
87
129
210
144
74
55
118
213
191
90
40
91
191
209
141
95
47
151
171
191
108
40
87
142
213
199
43
53
133
171
187
117
43
65
177
219
147
106
42
122
209
194
95
83
81
186
215
152
104
41
128
208
187
119
50
93
179
202
166
75
48
119
179
186
105
40
81
138
216
156
62
56
125
196
191
106
50
73
156
202
146
67
47
118
198
196
130
33
78
162
216
165
156
50
125
205
194
101
36
76
171
183
175
65
69
115
210
204
100
36
66
106
212
170
65
45
112
181
202
127
70
77
139
224
168
136
39
69
211
197
120
95
74
108
222
168
70
68
129
204
192
114
44
57
148
221
173
75
38
92
170
211
190
39
68
159
213
173
87
42
78
185
201
116
64
63
160
196
172
105
42
121
199
192
133
38
63
108
215
177
92
33
60
183
215
185
53
51
123
202
172
107
45
106
180
210
178
41
59
125
221
179
99
45
93
136
219
144
46
51
164
193
171
138
35
54
185
209
154
57
43
153
220
205
77
41
78
193
199
151
57
61
106
220
188
103
32
84
147
215
142
109
58
139
208
190
97
37
80
165
215
148
59
54
140
153
184
110
57
89
186
190
145
133
48
148
195
212
90
80
75
176
218
153
56
58
129
187
191
123
37
80
137
217
137
95
39
78
215
195
161
35
76
175
174
139
82
38
140
188
192
167
40
84
173
181
158
117
49
108
212
191
123
35
77
124
223
164
86
44
57
211
200
130
63
85
140
215
161
59
45
116
208
210
145
51
51
172
220
167
68
58
114
150
203
117
38
68
163
222
198
67
41
53
210
200
125
42
67
118
222
173
70
53
71
210
214
193
42
70
153
222
215
59
56
114
201
190
127
41
56
86
223
172
120
36
122
175
204
127
55
41
172
212
182
77
36
96
183
204
130
79
67
150
221
176
96
51
93
171
211
130
123
57
69
218
178
83
47
63
197
201
134
49
49
98
221
183
81
67
101
190
200
142
59
47
104
220
188
89
52
93
178
212
144
59
57
125
219
202
88
44
93
187
191
153
47
47
111
197
193
89
78
70
197
219
146
99
43
124
197
214
82
34
74
186
187
136
87
46
128
216
199
114
38
90
156
206
142
102
53
120
213
197
106
75
95
180
195
156
57
63
133
215
193
95
76
88
176
188
145
82
37
143
212
195
94
60
76
173
216
194
52
53
105
190
196
96
40
69
171
207
173
70
47
62
212
192
104
57
54
182
222
169
63
41
86
206
203
113
46
69
157
193
146
64
53
100
200
198
142
37
63
170
224
166
119
44
61
211
200
171
44
68
174
212
190
75
45
64
212
217
100
56
58
170
206
171
132
45
102
183
206
174
49
69
119
219
171
76
65
110
167
206
125
63
66
123
222
182
127
33
102
147
203
131
69
60
161
217
180
159
35
95
204
215
132
49
51
100
222
185
100
43
103
149
210
135
86
64
151
183
181
159
34
93
191
190
145
51
55
122
220
195
77
56
88
96
206
132
70
56
142
177
183
106
37
93
180
208
188
52
55
119
197
192
102
40
86
180
194
129
78
51
146
188
187
95
86
81
162
212
145
93
42
132
158
194
113
37
84
150
207
139
83
44
128
217
185
98
36
81
121
212
192
59
54
130
209
188
99
54
83
177
218
156
76
49
106
208
191
139
45
79
168
213
155
78
40
123
177
195
150
35
69
163
200
197
56
48
128
197
211
92
51
75
119
214
156
101
38
116
163
197
112
59
83
168
217
168
125
39
115
200
195
118
61
64
164
216
160
142
35
113
206
188
145
39
67
139
206
164
80
56
118
205
195
121
62
59
124
205
171
127
37
127
183
204
131
39
71
157
214
198
64
51
103
207
212
127
92
68
104
220
174
104
46
117
200
206
174
52
72
154
215
180
75
46
98
193
204
135
44
52
109
221
194
72
44
80
185
213
134
49
63
126
217
181
132
42
106
132
212
181
54
65
145
189
184
115
48
86
197
220
138
104
42
163
181
172
87
53
86
175
207
135
50
52
139
171
179
89
76
92
128
209
143
49
57
148
201
183
123
32
80
157
211
156
49
59
141
173
190
117
36
87
166
210
152
59
50
129
219
199
114
39
89
171
206
160
57
39
148
204
210
85
54
79
154
221
172
71
42
140
198
201
90
48
65
164
219
160
59
46
124
168
204
125
57
74
169
211
157
74
54
133
165
191
112
57
71
155
222
187
55
37
119
205
201
179
34
40
182
210
149
66
42
104
207
198
115
81
45
171
224
178
63
37
101
201
197
154
35
73
164
197
180
66
67
120
174
206
127
38
68
157
198
166
81
56
120
204
193
125
72
71
106
215
177
84
56
112
201
204
165
45
62
111
217
171
102
42
101
198
191
123
78
58
140
203
178
158
43
78
202
217
135
42
65
151
173
171
79
55
88
179
207
130
56
61
128
212
191
83
33
61
181
206
149
42
65
154
190
199
70
60
99
162
204
143
43
58
84
216
187
130
35
67
178
210
138
105
58
142
213
189
117
43
71
194
208
145
58
62
141
179
194
115
49
89
157
208
134
54
44
101
218
185
166
39
92
145
219
168
74
45
150
197
191
108
40
87
179
219
156
53
58
83
216
209
95
92
81
166
198
142
60
49
129
202
195
109
34
55
163
219
177
58
67
119
213
203
106
86
86
154
208
158
58
52
123
164
205
121
65
83
178
192
158
77
49
134
197
193
107
95
74
185
198
148
71
54
120
128
208
118
36
76
136
215
147
94
48
99
208
190
111
46
39
178
196
162
100
39
121
129
208
118
80
67
162
182
173
164
46
116
167
217
100
69
71
139
213
164
117
38
75
185
202
154
50
70
151
197
177
65
42
102
155
201
118
88
73
150
218
